database/NanodegreeStudent/make-your-own-android-app_2/make-your-own-android-app_2-master/SchoolDatabase-master/app/manifest-merger-release-report.txt
-- Merging decision tree log ---
manifest
ADDED from AndroidManifest.xml:2:1
	xmlns:android
		ADDED from AndroidManifest.xml:2:11
	package
		ADDED from AndroidManifest.xml:3:5
		INJECTED from AndroidManifest.xml:0:0
		INJECTED from AndroidManifest.xml:0:0
	android:versionName
		INJECTED from AndroidManifest.xml:0:0
		INJECTED from AndroidManifest.xml:0:0
	android:versionCode
		INJECTED from AndroidManifest.xml:0:0
		INJECTED from AndroidManifest.xml:0:0
uses-permission#android.permission.INTERNET
ADDED from AndroidManifest.xml:4:5
	android:name
		ADDED from AndroidManifest.xml:4:22
application
ADDED from AndroidManifest.xml:5:5
MERGED from com.android.support:appcompat-v7:21.0.3:16:5
MERGED from com.android.support:support-v4:21.0.3:16:5
	android:label
		ADDED from AndroidManifest.xml:8:9
	android:allowBackup
		ADDED from AndroidManifest.xml:6:9
	android:icon
		ADDED from AndroidManifest.xml:7:9
	android:theme
		ADDED from AndroidManifest.xml:9:9
activity#com.example.david.schooldatabase.MainActivity
ADDED from AndroidManifest.xml:10:9
	android:label
		ADDED from AndroidManifest.xml:12:13
	android:name
		ADDED from AndroidManifest.xml:11:13
intent-filter#android.intent.action.MAIN+android.intent.category.LAUNCHER
ADDED from AndroidManifest.xml:13:13
action#android.intent.action.MAIN
ADDED from AndroidManifest.xml:14:17
	android:name
		ADDED from AndroidManifest.xml:14:25
category#android.intent.category.LAUNCHER
ADDED from AndroidManifest.xml:16:17
	android:name
		ADDED from AndroidManifest.xml:16:27
activity#com.example.david.schooldatabase.AddStudentActivity
ADDED from AndroidManifest.xml:19:9
	android:label
		ADDED from AndroidManifest.xml:21:13
	android:parentActivityName
		ADDED from AndroidManifest.xml:22:13
	android:name
		ADDED from AndroidManifest.xml:20:13
meta-data#android.support.PARENT_ACTIVITY
ADDED from AndroidManifest.xml:23:13
	android:name
		ADDED from AndroidManifest.xml:24:17
	android:value
		ADDED from AndroidManifest.xml:25:17
provider#com.example.david.schooldatabase.data.SchoolDBProvider
ADDED from AndroidManifest.xml:28:9
	android:authorities
		ADDED from AndroidManifest.xml:30:13
	android:name
		ADDED from AndroidManifest.xml:29:13
activity#com.example.david.schooldatabase.AddCourseActivity
ADDED from AndroidManifest.xml:33:9
	android:label
		ADDED from AndroidManifest.xml:35:13
	android:parentActivityName
		ADDED from AndroidManifest.xml:36:13
	android:name
		ADDED from AndroidManifest.xml:34:13
activity#com.example.david.schooldatabase.AddEnrollmentActivity
ADDED from AndroidManifest.xml:41:9
	android:label
		ADDED from AndroidManifest.xml:43:13
	android:parentActivityName
		ADDED from AndroidManifest.xml:44:13
	android:name
		ADDED from AndroidManifest.xml:42:13
activity#com.example.david.schooldatabase.AddAssessmentActivity
ADDED from AndroidManifest.xml:49:9
	android:label
		ADDED from AndroidManifest.xml:51:13
	android:parentActivityName
		ADDED from AndroidManifest.xml:52:13
	android:name
		ADDED from AndroidManifest.xml:50:13
activity#com.example.david.schooldatabase.LoginActivity
ADDED from AndroidManifest.xml:57:9
	android:label
		ADDED from AndroidManifest.xml:59:13
	android:name
		ADDED from AndroidManifest.xml:58:13
activity#com.example.david.schooldatabase.StudentsActivity
ADDED from AndroidManifest.xml:61:9
	android:label
		ADDED from AndroidManifest.xml:63:13
	android:parentActivityName
		ADDED from AndroidManifest.xml:64:13
	android:name
		ADDED from AndroidManifest.xml:62:13
activity#com.example.david.schooldatabase.CoursesActivity
ADDED from AndroidManifest.xml:69:9
	android:label
		ADDED from AndroidManifest.xml:71:13
	android:parentActivityName
		ADDED from AndroidManifest.xml:72:13
	android:name
		ADDED from AndroidManifest.xml:70:13
activity#com.example.david.schooldatabase.EnrollmentsActivity
ADDED from AndroidManifest.xml:77:9
	android:label
		ADDED from AndroidManifest.xml:79:13
	android:parentActivityName
		ADDED from AndroidManifest.xml:80:13
	android:name
		ADDED from AndroidManifest.xml:78:13
activity#com.example.david.schooldatabase.AssessmentsActivity
ADDED from AndroidManifest.xml:85:9
	android:label
		ADDED from AndroidManifest.xml:87:13
	android:parentActivityName
		ADDED from AndroidManifest.xml:88:13
	android:name
		ADDED from AndroidManifest.xml:86:13
uses-sdk
INJECTED from AndroidManifest.xml:0:0 reason: use-sdk injection requested
MERGED from com.android.support:appcompat-v7:21.0.3:15:5
MERGED from com.android.support:support-v4:21.0.3:15:5
	android:targetSdkVersion
		INJECTED from AndroidManifest.xml:0:0
		INJECTED from AndroidManifest.xml:0:0
	android:minSdkVersion
		INJECTED from AndroidManifest.xml:0:0
		INJECTED from AndroidManifest.xml:0:0